<?xml version="1.0" encoding="UTF-8"?>
<testng-results skipped="0" failed="0" ignored="0" total="0" passed="0">
  <reporter-output>
  </reporter-output>
  <suite name="com.nagarro.autothon.movierentalservice.AppTest" duration-ms="3" started-at="2019-09-28T07:32:42Z" finished-at="2019-09-28T07:32:42Z">
    <groups>
    </groups>
    <test name="Command line test" duration-ms="3" started-at="2019-09-28T07:32:42Z" finished-at="2019-09-28T07:32:42Z">
    </test> <!-- Command line test -->
  </suite> <!-- com.nagarro.autothon.movierentalservice.AppTest -->
</testng-results>
